<?xml version="1.0" encoding="UTF-8"?>
<!-- Generated by org.testng.reporters.JUnitReportReporter -->
<testsuite hostname="DESKTOP-AL31QFP" failures="0" tests="3" name="tests.CreateRequestBody" time="4.250" errors="0" timestamp="2023-02-12T22:42:19 EST" skipped="0">
  <testcase classname="tests.CreateRequestBody" name="createUsersUsignHashMap" time="3.069"/>
  <system-out/>
  <testcase classname="tests.CreateRequestBody" name="createUsersUsingPOJOClass" time="0.648"/>
  <system-out/>
  <testcase classname="tests.CreateRequestBody" name="createUsersOrgJson" time="0.533"/>
  <system-out/>
</testsuite> <!-- tests.CreateRequestBody -->
