<?xml version="1.0" encoding="UTF-8"?>
<!-- Generated by org.testng.reporters.JUnitReportReporter -->
<testsuite hostname="DESKTOP-AL31QFP" failures="0" tests="3" name="tests.TestRestAssured" time="4.188" errors="0" timestamp="2023-02-12T22:43:39 EST" skipped="0">
  <testcase classname="tests.TestRestAssured" name="getUsers" time="3.019"/>
  <system-out/>
  <testcase classname="tests.TestRestAssured" name="createUsers" time="0.807"/>
  <system-out/>
  <testcase classname="tests.TestRestAssured" name="getSingleUser" time="0.362"/>
  <system-out/>
</testsuite> <!-- tests.TestRestAssured -->
