<?xml version="1.0" encoding="UTF-8"?>
<!-- Generated by org.testng.reporters.JUnitReportReporter -->
<testsuite hostname="DESKTOP-AL31QFP" failures="0" tests="1" name="tests.ValidateCookies" time="1.938" errors="0" timestamp="2023-02-12T23:04:24 EST" skipped="0">
  <testcase classname="tests.ValidateCookies" name="createUsersUsignHashMap" time="1.938"/>
  <system-out/>
</testsuite> <!-- tests.ValidateCookies -->
